************* Module /Users/ychu/GitHub/pymattersim/PyMatterSim/.pylintrc
.pylintrc:1:0: E0015: Unrecognized option found: source-roots (unrecognized-option)
.pylintrc:1:0: W0012: Unknown option value for '--disable', expected a valid pylint message and got 'use-implicit-booleaness-not-comparison-to-string' (unknown-option-value)
.pylintrc:1:0: W0012: Unknown option value for '--disable', expected a valid pylint message and got 'use-implicit-booleaness-not-comparison-to-zero' (unknown-option-value)
************* Module PyMatterSim.reader.reader_utils
reader/reader_utils.py:1:0: F0002: reader/reader_utils.py: Fatal error while checking 'reader/reader_utils.py'. Please open an issue in our bug tracker so we address this. There is a pre-filled template that you can use in '/Users/ychu/Library/Caches/pylint/pylint-crash-2024-11-16-00-14-24.txt'. (astroid-error)
************* Module PyMatterSim.reader.gsd_reader_helper
reader/gsd_reader_helper.py:1:0: F0002: reader/gsd_reader_helper.py: Fatal error while checking 'reader/gsd_reader_helper.py'. Please open an issue in our bug tracker so we address this. There is a pre-filled template that you can use in '/Users/ychu/Library/Caches/pylint/pylint-crash-2024-11-16-00-14-24.txt'. (astroid-error)
************* Module PyMatterSim.reader.dump_reader
reader/dump_reader.py:6:0: E0401: Unable to import 'utils.logging' (import-error)
reader/dump_reader.py:7:0: E0401: Unable to import 'reader.reader_utils' (import-error)
reader/dump_reader.py:8:0: E0401: Unable to import 'reader.lammps_reader_helper' (import-error)
reader/dump_reader.py:9:0: E0401: Unable to import 'reader.lammps_reader_helper' (import-error)
reader/dump_reader.py:10:0: E0401: Unable to import 'reader.gsd_reader_helper' (import-error)
reader/dump_reader.py:91:4: R0913: Too many arguments (6/5) (too-many-arguments)
reader/dump_reader.py:170:8: C0103: Variable name "t0" doesn't conform to snake_case naming style (invalid-name)
************* Module PyMatterSim.reader.lammps_reader_helper
reader/lammps_reader_helper.py:1:0: F0002: reader/lammps_reader_helper.py: Fatal error while checking 'reader/lammps_reader_helper.py'. Please open an issue in our bug tracker so we address this. There is a pre-filled template that you can use in '/Users/ychu/Library/Caches/pylint/pylint-crash-2024-11-16-00-14-24.txt'. (astroid-error)
************* Module PyMatterSim.reader.simulation_log
reader/simulation_log.py:7:0: E0401: Unable to import 'utils.logging' (import-error)
reader/simulation_log.py:23:50: C0103: Variable name "f" doesn't conform to snake_case naming style (invalid-name)
reader/simulation_log.py:1:0: R0801: Similar lines in 2 files
==PyMatterSim.reader.gsd_reader_helper:[111:117]
==PyMatterSim.reader.lammps_reader_helper:[193:201]
            positions=positions,
            boxlength=boxlength,
            boxbounds=boxbounds,
            realbounds=None,
            hmatrix=hmatrix,
        )

    # -------Read Triclinic Boxes--------- (duplicate-code)

------------------------------------------------------------------
Your code has been rated at 0.00/10 (previous run: 0.00/10, +0.00)

************* Module /Users/ychu/GitHub/pymattersim/PyMatterSim/.pylintrc
.pylintrc:1:0: E0015: Unrecognized option found: source-roots (unrecognized-option)
.pylintrc:1:0: W0012: Unknown option value for '--disable', expected a valid pylint message and got 'use-implicit-booleaness-not-comparison-to-string' (unknown-option-value)
.pylintrc:1:0: W0012: Unknown option value for '--disable', expected a valid pylint message and got 'use-implicit-booleaness-not-comparison-to-zero' (unknown-option-value)
************* Module PyMatterSim.writer.lammps_writer
writer/lammps_writer.py:20:0: C0301: Line too long (102/100) (line-too-long)
writer/lammps_writer.py:21:0: C0301: Line too long (116/100) (line-too-long)
writer/lammps_writer.py:22:0: C0301: Line too long (120/100) (line-too-long)
writer/lammps_writer.py:23:0: C0301: Line too long (120/100) (line-too-long)

------------------------------------------------------------------
Your code has been rated at 8.46/10 (previous run: 8.46/10, +0.00)

************* Module /Users/ychu/GitHub/pymattersim/PyMatterSim/.pylintrc
.pylintrc:1:0: E0015: Unrecognized option found: source-roots (unrecognized-option)
.pylintrc:1:0: W0012: Unknown option value for '--disable', expected a valid pylint message and got 'use-implicit-booleaness-not-comparison-to-string' (unknown-option-value)
.pylintrc:1:0: W0012: Unknown option value for '--disable', expected a valid pylint message and got 'use-implicit-booleaness-not-comparison-to-zero' (unknown-option-value)
************* Module utils.pbc
utils/pbc.py:19:0: C0301: Line too long (110/100) (line-too-long)
utils/pbc.py:28:17: E1101: Module 'numpy.linalg' has no 'inv' member (no-member)

------------------------------------------------------------------
Your code has been rated at 1.43/10 (previous run: 1.43/10, +0.00)

************* Module /Users/ychu/GitHub/pymattersim/PyMatterSim/.pylintrc
.pylintrc:1:0: E0015: Unrecognized option found: source-roots (unrecognized-option)
.pylintrc:1:0: W0012: Unknown option value for '--disable', expected a valid pylint message and got 'use-implicit-booleaness-not-comparison-to-string' (unknown-option-value)
.pylintrc:1:0: W0012: Unknown option value for '--disable', expected a valid pylint message and got 'use-implicit-booleaness-not-comparison-to-zero' (unknown-option-value)
************* Module PyMatterSim.neighbors.read_neighbors
neighbors/read_neighbors.py:1:0: F0002: neighbors/read_neighbors.py: Fatal error while checking 'neighbors/read_neighbors.py'. Please open an issue in our bug tracker so we address this. There is a pre-filled template that you can use in '/Users/ychu/Library/Caches/pylint/pylint-crash-2024-11-16-00-14-30.txt'. (astroid-error)
************* Module PyMatterSim.neighbors.freud_neighbors
neighbors/freud_neighbors.py:127:1: W0511: TODO @Yibang please benchmark with (fixme)
neighbors/freud_neighbors.py:7:0: E0401: Unable to import 'freud' (import-error)
neighbors/freud_neighbors.py:9:0: E0401: Unable to import 'reader.reader_utils' (import-error)
neighbors/freud_neighbors.py:10:0: E0401: Unable to import 'utils.logging' (import-error)
neighbors/freud_neighbors.py:112:29: C0209: Formatting a regular string which could be a f-string (consider-using-f-string)
neighbors/freud_neighbors.py:113:29: C0209: Formatting a regular string which could be a f-string (consider-using-f-string)
neighbors/freud_neighbors.py:114:27: C0209: Formatting a regular string which could be a f-string (consider-using-f-string)
neighbors/freud_neighbors.py:116:33: C0209: Formatting a regular string which could be a f-string (consider-using-f-string)
neighbors/freud_neighbors.py:117:33: C0209: Formatting a regular string which could be a f-string (consider-using-f-string)
neighbors/freud_neighbors.py:73:15: R1732: Consider using 'with' for resource-allocating operations (consider-using-with)
neighbors/freud_neighbors.py:75:17: R1732: Consider using 'with' for resource-allocating operations (consider-using-with)
neighbors/freud_neighbors.py:85:21: R1732: Consider using 'with' for resource-allocating operations (consider-using-with)
neighbors/freud_neighbors.py:131:0: R0913: Too many arguments (6/5) (too-many-arguments)
neighbors/freud_neighbors.py:200:17: E1101: Module 'numpy.linalg' has no 'inv' member (no-member)
************* Module PyMatterSim.neighbors.voropp_neighbors
neighbors/voropp_neighbors.py:11:0: E0401: Unable to import 'reader.reader_utils' (import-error)
neighbors/voropp_neighbors.py:12:0: E0401: Unable to import 'utils.logging' (import-error)
neighbors/voropp_neighbors.py:1:0: F0002: neighbors/voropp_neighbors.py: Fatal error while checking 'neighbors/voropp_neighbors.py'. Please open an issue in our bug tracker so we address this. There is a pre-filled template that you can use in '/Users/ychu/Library/Caches/pylint/pylint-crash-2024-11-16-00-14-33.txt'. (astroid-error)
************* Module PyMatterSim.neighbors.calculate_neighbors
neighbors/calculate_neighbors.py:5:0: C0413: Import "import re" should be placed at the top of the module (wrong-import-position)
neighbors/calculate_neighbors.py:6:0: C0413: Import "import numpy as np" should be placed at the top of the module (wrong-import-position)
neighbors/calculate_neighbors.py:7:0: C0413: Import "import numpy.typing as npt" should be placed at the top of the module (wrong-import-position)
neighbors/calculate_neighbors.py:8:0: E0401: Unable to import 'reader.reader_utils' (import-error)
neighbors/calculate_neighbors.py:8:0: C0413: Import "from reader.reader_utils import Snapshots" should be placed at the top of the module (wrong-import-position)
neighbors/calculate_neighbors.py:9:0: E0401: Unable to import 'utils.pbc' (import-error)
neighbors/calculate_neighbors.py:9:0: C0413: Import "from utils.pbc import remove_pbc" should be placed at the top of the module (wrong-import-position)
neighbors/calculate_neighbors.py:10:0: E0401: Unable to import 'utils.logging' (import-error)
neighbors/calculate_neighbors.py:10:0: C0413: Import "from utils.logging import get_logger_handle" should be placed at the top of the module (wrong-import-position)
neighbors/calculate_neighbors.py:63:23: E1101: Module 'numpy.linalg' has no 'norm' member (no-member)
neighbors/calculate_neighbors.py:52:16: R1732: Consider using 'with' for resource-allocating operations (consider-using-with)
neighbors/calculate_neighbors.py:124:23: E1101: Module 'numpy.linalg' has no 'norm' member (no-member)
neighbors/calculate_neighbors.py:133:28: C0209: Formatting a regular string which could be a f-string (consider-using-f-string)
neighbors/calculate_neighbors.py:114:16: R1732: Consider using 'with' for resource-allocating operations (consider-using-with)
neighbors/calculate_neighbors.py:198:23: E1101: Module 'numpy.linalg' has no 'norm' member (no-member)
neighbors/calculate_neighbors.py:204:28: C0209: Formatting a regular string which could be a f-string (consider-using-f-string)
neighbors/calculate_neighbors.py:187:16: R1732: Consider using 'with' for resource-allocating operations (consider-using-with)
neighbors/calculate_neighbors.py:5:0: C0411: standard import "import re" should be placed before "import numpy as np" (wrong-import-order)
neighbors/calculate_neighbors.py:6:0: C0411: third party import "import numpy as np" should be placed before "from reader.reader_utils import Snapshots" (wrong-import-order)
neighbors/calculate_neighbors.py:7:0: C0411: third party import "import numpy.typing as npt" should be placed before "from reader.reader_utils import Snapshots" (wrong-import-order)
neighbors/calculate_neighbors.py:6:0: C0412: Imports from package numpy are not grouped (ungrouped-imports)
neighbors/calculate_neighbors.py:8:0: C0412: Imports from package reader are not grouped (ungrouped-imports)
neighbors/calculate_neighbors.py:9:0: C0412: Imports from package utils are not grouped (ungrouped-imports)
neighbors/calculate_neighbors.py:1:0: R0801: Similar lines in 2 files
==PyMatterSim.neighbors.calculate_neighbors:[73:80]
==PyMatterSim.neighbors.voropp_neighbors:[202:208]
            fneighbor.write(
                re.sub(
                    r'[\[\]]',
                    ' ',
                    np.array2string(neighbor) +
                    '\n')) (duplicate-code)

------------------------------------------------------------------
Your code has been rated at 0.00/10 (previous run: 0.00/10, +0.00)

************* Module /Users/ychu/GitHub/pymattersim/PyMatterSim/.pylintrc
.pylintrc:1:0: E0015: Unrecognized option found: source-roots (unrecognized-option)
.pylintrc:1:0: W0012: Unknown option value for '--disable', expected a valid pylint message and got 'use-implicit-booleaness-not-comparison-to-string' (unknown-option-value)
.pylintrc:1:0: W0012: Unknown option value for '--disable', expected a valid pylint message and got 'use-implicit-booleaness-not-comparison-to-zero' (unknown-option-value)
************* Module PyMatterSim.static.hessians
static/hessians.py:1:0: F0002: static/hessians.py: Fatal error while checking 'static/hessians.py'. Please open an issue in our bug tracker so we address this. There is a pre-filled template that you can use in '/Users/ychu/Library/Caches/pylint/pylint-crash-2024-11-16-00-14-36.txt'. (astroid-error)
************* Module PyMatterSim.static.vector
static/vector.py:1:0: F0002: static/vector.py: Fatal error while checking 'static/vector.py'. Please open an issue in our bug tracker so we address this. There is a pre-filled template that you can use in '/Users/ychu/Library/Caches/pylint/pylint-crash-2024-11-16-00-14-37.txt'. (astroid-error)
************* Module PyMatterSim.static.geometric
static/geometric.py:8:0: E0401: Unable to import 'reader.reader_utils' (import-error)
static/geometric.py:9:0: E0401: Unable to import 'neighbors.read_neighbors' (import-error)
static/geometric.py:10:0: E0401: Unable to import 'utils.geometry' (import-error)
static/geometric.py:11:0: E0401: Unable to import 'utils.pbc' (import-error)
static/geometric.py:12:0: E0401: Unable to import 'utils.logging' (import-error)
static/geometric.py:82:31: E1101: Module 'numpy.linalg' has no 'norm' member (no-member)
static/geometric.py:68:16: R1732: Consider using 'with' for resource-allocating operations (consider-using-with)
static/geometric.py:137:23: E1101: Module 'numpy.linalg' has no 'norm' member (no-member)
************* Module PyMatterSim.static.nematic
static/nematic.py:84:9: W0511: TODO add a function for three dimensioanl systems (fixme)
static/nematic.py:8:0: E0401: Unable to import 'reader.reader_utils' (import-error)
static/nematic.py:9:0: E0401: Unable to import 'static.gr' (import-error)
static/nematic.py:10:0: E0401: Unable to import 'dynamic.time_corr' (import-error)
static/nematic.py:11:0: E0401: Unable to import 'utils.funcs' (import-error)
static/nematic.py:12:0: E0401: Unable to import 'utils.coarse_graining' (import-error)
static/nematic.py:13:0: E0401: Unable to import 'utils.logging' (import-error)
static/nematic.py:56:4: R0913: Too many arguments (6/5) (too-many-arguments)
static/nematic.py:116:40: E1101: Module 'numpy.linalg' has no 'eig' member (no-member)
static/nematic.py:56:4: R0912: Too many branches (13/12) (too-many-branches)
************* Module PyMatterSim.static.pairentropy
static/pairentropy.py:8:0: E0401: Unable to import 'reader.reader_utils' (import-error)
static/pairentropy.py:9:0: E0401: Unable to import 'utils.pbc' (import-error)
static/pairentropy.py:10:0: E0401: Unable to import 'utils.funcs' (import-error)
static/pairentropy.py:11:0: E0401: Unable to import 'utils.logging' (import-error)
static/pairentropy.py:12:0: E0401: Unable to import 'static.gr' (import-error)
static/pairentropy.py:13:0: E0401: Unable to import 'dynamic.time_corr' (import-error)
static/pairentropy.py:50:4: R0913: Too many arguments (6/5) (too-many-arguments)
static/pairentropy.py:136:27: E1101: Module 'numpy.linalg' has no 'norm' member (no-member)
************* Module PyMatterSim.static.sq
static/sq.py:98:5: W0511: TODO @Yibang please test the new float df_qvector in sqresults (fixme)
static/sq.py:1:0: F0002: static/sq.py: Fatal error while checking 'static/sq.py'. Please open an issue in our bug tracker so we address this. There is a pre-filled template that you can use in '/Users/ychu/Library/Caches/pylint/pylint-crash-2024-11-16-00-14-38.txt'. (astroid-error)
************* Module PyMatterSim.static.boo
static/boo.py:1:0: F0002: static/boo.py: Fatal error while checking 'static/boo.py'. Please open an issue in our bug tracker so we address this. There is a pre-filled template that you can use in '/Users/ychu/Library/Caches/pylint/pylint-crash-2024-11-16-00-14-38.txt'. (astroid-error)
************* Module PyMatterSim.static.gr
static/gr.py:1:0: F0002: static/gr.py: Fatal error while checking 'static/gr.py'. Please open an issue in our bug tracker so we address this. There is a pre-filled template that you can use in '/Users/ychu/Library/Caches/pylint/pylint-crash-2024-11-16-00-14-38.txt'. (astroid-error)
************* Module PyMatterSim.static.shape
static/shape.py:1:0: F0002: static/shape.py: Fatal error while checking 'static/shape.py'. Please open an issue in our bug tracker so we address this. There is a pre-filled template that you can use in '/Users/ychu/Library/Caches/pylint/pylint-crash-2024-11-16-00-14-38.txt'. (astroid-error)
static/shape.py:1:0: R0801: Similar lines in 2 files
==PyMatterSim.static.gr:[228:240]
==PyMatterSim.static.sq:[176:188]
        if len(self.typenumber) == 1:
            return self.unary()
        if len(self.typenumber) == 2:
            return self.binary()
        if len(self.typenumber) == 3:
            return self.ternary()
        if len(self.typenumber) == 4:
            return self.quarternary()
        if len(self.typenumber) == 5:
            return self.quinary()
        if len(self.typenumber) > 5:
            logger.info( (duplicate-code)
static/shape.py:1:0: R0801: Similar lines in 2 files
==PyMatterSim.static.gr:[206:213]
==PyMatterSim.static.pairentropy:[86:93]
        self.typenumber, self.typecount = np.unique(
            self.snapshots.snapshots[0].particle_type, return_counts=True)
        logger.info(f'System composition: {":".join(
            [str(i) for i in np.round(self.typecount / self.nparticle, 3)])}')
        assert np.sum(self.typecount) == self.nparticle, \
            "Sum of Indivdual Types is Not the Total Amount"
 (duplicate-code)
static/shape.py:1:0: R0801: Similar lines in 2 files
==PyMatterSim.static.gr:[199:205]
==PyMatterSim.static.sq:[143:149]
        self.nparticle = snapshots.snapshots[0].nparticle
        assert len({snapshot.nparticle for snapshot in self.snapshots.snapshots}
                   ) == 1, "Paticle Number Changes during simulation"
        assert len({tuple(snapshot.boxlength) for snapshot in self.snapshots.snapshots}
                   ) == 1, "Simulation Box Length Changes during simulation"
 (duplicate-code)

------------------------------------------------------------------
Your code has been rated at 0.00/10 (previous run: 0.00/10, +0.00)

